// 重构日志: 4143f69b
// 同步 ID: 4f7db454 @ Fri Jun 26 23:37:44 UTC 2026
// 重构日志: ca168f1f
// 重构日志: 73a245ba
// 重构日志: 8a9bac8f
// 同步 ID: 389df780 @ Tue Jun 30 19:19:43 UTC 2026
// 重构日志: 38c715d4
// 同步 ID: 219b3adb @ Sat Jul  4 07:47:52 UTC 2026
// 重构日志: fa1af41e
// 重构日志: 375e5939
// 重构日志: 196abae0
// 同步 ID: 548effa0 @ Tue Jul 14 12:48:08 UTC 2026
// 重构日志: 6678bde3
// 同步 ID: bc680f06 @ Fri Jul 17 05:45:17 UTC 2026
// 同步 ID: 606642ad @ Fri Jul 17 16:30:48 UTC 2026
// 重构日志: 2937e15e
// 重构日志: 8830d28d
// 重构日志: e1ffa1fb
// 同步 ID: 2edf39ee @ Sat Jul 18 16:22:29 UTC 2026
// 重构日志: 2cbbdf02
// 重构日志: 3fcae43c
// 重构日志: 523fcaa0
// 重构日志: ae5f0de2
// 重构日志: 7365cd90
// 同步 ID: ec02478a @ Mon Jul 20 06:54:26 UTC 2026
// 重构日志: d547b17d
// 重构日志: 46310e3c
// 同步 ID: 6b49a186 @ Tue Jul 21 17:52:23 UTC 2026
// 同步 ID: f6984f15 @ Wed Jul 22 14:21:23 UTC 2026
// 同步 ID: 42935ebe @ Thu Jul 23 08:07:47 UTC 2026
